{"uid":"3e48d8b8553065af","name":"Show 24 products per page","fullName":"tests.test_catalog.TestCatalogPrice#test_show24","historyId":"8565b08a2a350f680a569b5f0a9ff5ec","time":{"start":1711295480765,"stop":1711295486980,"duration":6215},"status":"failed","statusMessage":"AssertionError: Error, items on the page: 20","statusTrace":"self = <test_catalog.TestCatalogPrice object at 0x7fd429f61400>\n\n    @allure.title(\"Show 24 products per page\")\n    def test_show24(self):\n        self.catalog_page.open()\n        self.catalog_page.is_opened()\n        self.catalog_page.button_show_click()\n        self.catalog_page.button_show24_click()\n>       self.catalog_page.check_quantity_goods(24)\n\ntests/test_catalog.py:41: \n_ _ _ _ _ _ _ _ _ _ _ _ _ _ _ _ _ _ _ _ _ _ _ _ _ _ _ _ _ _ _ _ _ _ _ _ _ _ _ _ \n\nself = <pages.catalog_page.CatalogPage object at 0x7fd429f1bd70>, quantity = 24\n\n    @allure.step(\"Checking the number of products per page\")\n    def check_quantity_goods(self, quantity):\n>       assert len(self.list_price()) == quantity, f'Error, items on the page: {len(self.list_price())}'\nE       AssertionError: Error, items on the page: 20\n\npages/catalog_page.py:156: AssertionError","flaky":false,"newFailed":false,"newBroken":false,"newPassed":false,"retriesCount":0,"retriesStatusChange":false,"beforeStages":[{"name":"driver","time":{"start":1711295478962,"stop":1711295480764,"duration":1802},"status":"passed","steps":[],"attachments":[],"parameters":[],"shouldDisplayMessage":false,"stepsCount":0,"attachmentsCount":0,"hasContent":false},{"name":"setup","time":{"start":1711295480764,"stop":1711295480764,"duration":0},"status":"passed","steps":[],"attachments":[],"parameters":[],"shouldDisplayMessage":false,"stepsCount":0,"attachmentsCount":0,"hasContent":false}],"testStage":{"status":"failed","statusMessage":"AssertionError: Error, items on the page: 20","statusTrace":"self = <test_catalog.TestCatalogPrice object at 0x7fd429f61400>\n\n    @allure.title(\"Show 24 products per page\")\n    def test_show24(self):\n        self.catalog_page.open()\n        self.catalog_page.is_opened()\n        self.catalog_page.button_show_click()\n        self.catalog_page.button_show24_click()\n>       self.catalog_page.check_quantity_goods(24)\n\ntests/test_catalog.py:41: \n_ _ _ _ _ _ _ _ _ _ _ _ _ _ _ _ _ _ _ _ _ _ _ _ _ _ _ _ _ _ _ _ _ _ _ _ _ _ _ _ \n\nself = <pages.catalog_page.CatalogPage object at 0x7fd429f1bd70>, quantity = 24\n\n    @allure.step(\"Checking the number of products per page\")\n    def check_quantity_goods(self, quantity):\n>       assert len(self.list_price()) == quantity, f'Error, items on the page: {len(self.list_price())}'\nE       AssertionError: Error, items on the page: 20\n\npages/catalog_page.py:156: AssertionError","steps":[{"name":"Open URL","time":{"start":1711295480765,"stop":1711295482183,"duration":1418},"status":"passed","steps":[],"attachments":[],"parameters":[],"shouldDisplayMessage":false,"stepsCount":0,"attachmentsCount":0,"hasContent":false},{"name":"Check is opened URL","time":{"start":1711295482183,"stop":1711295482185,"duration":2},"status":"passed","steps":[],"attachments":[],"parameters":[],"shouldDisplayMessage":false,"stepsCount":0,"attachmentsCount":0,"hasContent":false},{"name":"Click the show button","time":{"start":1711295482186,"stop":1711295482460,"duration":274},"status":"passed","steps":[],"attachments":[],"parameters":[],"shouldDisplayMessage":false,"stepsCount":0,"attachmentsCount":0,"hasContent":false},{"name":"Click button show by 24","time":{"start":1711295482461,"stop":1711295482693,"duration":232},"status":"passed","steps":[],"attachments":[],"parameters":[],"shouldDisplayMessage":false,"stepsCount":0,"attachmentsCount":0,"hasContent":false},{"name":"Checking the number of products per page","time":{"start":1711295482693,"stop":1711295486979,"duration":4286},"status":"failed","statusMessage":"AssertionError: Error, items on the page: 20\n","statusTrace":"  File \"/opt/hostedtoolcache/Python/3.12.2/x64/lib/python3.12/site-packages/allure_commons/_allure.py\", line 192, in impl\n    return func(*a, **kw)\n           ^^^^^^^^^^^^^^\n  File \"/home/runner/work/training_store_ui/training_store_ui/pages/catalog_page.py\", line 156, in check_quantity_goods\n    assert len(self.list_price()) == quantity, f'Error, items on the page: {len(self.list_price())}'\n","steps":[{"name":"Generate list of prices","time":{"start":1711295482693,"stop":1711295484832,"duration":2139},"status":"passed","steps":[],"attachments":[],"parameters":[],"shouldDisplayMessage":false,"stepsCount":0,"attachmentsCount":0,"hasContent":false},{"name":"Generate list of prices","time":{"start":1711295484832,"stop":1711295486979,"duration":2147},"status":"passed","steps":[],"attachments":[],"parameters":[],"shouldDisplayMessage":false,"stepsCount":0,"attachmentsCount":0,"hasContent":false}],"attachments":[],"parameters":[{"name":"quantity","value":"24"}],"shouldDisplayMessage":true,"stepsCount":2,"attachmentsCount":0,"hasContent":true}],"attachments":[],"parameters":[],"shouldDisplayMessage":true,"stepsCount":7,"attachmentsCount":0,"hasContent":true},"afterStages":[{"name":"driver::0","time":{"start":1711295487014,"stop":1711295487654,"duration":640},"status":"passed","steps":[],"attachments":[],"parameters":[],"shouldDisplayMessage":false,"stepsCount":0,"attachmentsCount":0,"hasContent":false}],"labels":[{"name":"feature","value":"Product catalog"},{"name":"parentSuite","value":"tests"},{"name":"suite","value":"test_catalog"},{"name":"subSuite","value":"TestCatalogPrice"},{"name":"host","value":"fv-az1118-579"},{"name":"thread","value":"2787-MainThread"},{"name":"framework","value":"pytest"},{"name":"language","value":"cpython3"},{"name":"package","value":"tests.test_catalog"},{"name":"resultFormat","value":"allure2"}],"parameters":[],"links":[],"hidden":false,"retry":false,"extra":{"severity":"normal","retries":[],"categories":[{"name":"Product defects","matchedStatuses":[],"flaky":false}],"history":{"statistic":{"failed":2,"broken":0,"skipped":0,"passed":0,"unknown":0,"total":2},"items":[{"uid":"52c52ac4074bc635","status":"failed","statusDetails":"AssertionError: Error, items on the page: 20","time":{"start":1709999145103,"stop":1709999151359,"duration":6256}}]},"tags":[]},"source":"3e48d8b8553065af.json","parameterValues":[]}