{"uid":"4364a0db472b5ba3","name":"Show 36 products per page","fullName":"tests.test_catalog.TestCatalogPrice#test_show36","historyId":"192c7cfb729a722c9ba5679b101ba8fb","time":{"start":1711295095018,"stop":1711295100841,"duration":5823},"status":"failed","statusMessage":"AssertionError: Error, items on the page: 20","statusTrace":"self = <test_catalog.TestCatalogPrice object at 0x7f83aace93a0>\n\n    @allure.title(\"Show 36 products per page\")\n    def test_show36(self):\n        self.catalog_page.open()\n        self.catalog_page.is_opened()\n        self.catalog_page.button_show_click()\n        self.catalog_page.button_show36_click()\n>       self.catalog_page.check_quantity_goods(36)\n\ntests/test_catalog.py:49: \n_ _ _ _ _ _ _ _ _ _ _ _ _ _ _ _ _ _ _ _ _ _ _ _ _ _ _ _ _ _ _ _ _ _ _ _ _ _ _ _ \n\nself = <pages.catalog_page.CatalogPage object at 0x7f83aad26480>, quantity = 36\n\n    @allure.step(\"Checking the number of products per page\")\n    def check_quantity_goods(self, quantity):\n>       assert len(self.list_price()) == quantity, f'Error, items on the page: {len(self.list_price())}'\nE       AssertionError: Error, items on the page: 20\n\npages/catalog_page.py:156: AssertionError","flaky":false,"newFailed":false,"newBroken":false,"newPassed":false,"retriesCount":0,"retriesStatusChange":false,"beforeStages":[{"name":"driver","time":{"start":1711295094804,"stop":1711295095016,"duration":212},"status":"passed","steps":[],"attachments":[],"parameters":[],"shouldDisplayMessage":false,"stepsCount":0,"attachmentsCount":0,"hasContent":false},{"name":"setup","time":{"start":1711295095017,"stop":1711295095017,"duration":0},"status":"passed","steps":[],"attachments":[],"parameters":[],"shouldDisplayMessage":false,"stepsCount":0,"attachmentsCount":0,"hasContent":false}],"testStage":{"status":"failed","statusMessage":"AssertionError: Error, items on the page: 20","statusTrace":"self = <test_catalog.TestCatalogPrice object at 0x7f83aace93a0>\n\n    @allure.title(\"Show 36 products per page\")\n    def test_show36(self):\n        self.catalog_page.open()\n        self.catalog_page.is_opened()\n        self.catalog_page.button_show_click()\n        self.catalog_page.button_show36_click()\n>       self.catalog_page.check_quantity_goods(36)\n\ntests/test_catalog.py:49: \n_ _ _ _ _ _ _ _ _ _ _ _ _ _ _ _ _ _ _ _ _ _ _ _ _ _ _ _ _ _ _ _ _ _ _ _ _ _ _ _ \n\nself = <pages.catalog_page.CatalogPage object at 0x7f83aad26480>, quantity = 36\n\n    @allure.step(\"Checking the number of products per page\")\n    def check_quantity_goods(self, quantity):\n>       assert len(self.list_price()) == quantity, f'Error, items on the page: {len(self.list_price())}'\nE       AssertionError: Error, items on the page: 20\n\npages/catalog_page.py:156: AssertionError","steps":[{"name":"Open URL","time":{"start":1711295095018,"stop":1711295096229,"duration":1211},"status":"passed","steps":[],"attachments":[],"parameters":[],"shouldDisplayMessage":false,"stepsCount":0,"attachmentsCount":0,"hasContent":false},{"name":"Check is opened URL","time":{"start":1711295096229,"stop":1711295096233,"duration":4},"status":"passed","steps":[],"attachments":[],"parameters":[],"shouldDisplayMessage":false,"stepsCount":0,"attachmentsCount":0,"hasContent":false},{"name":"Click the show button","time":{"start":1711295096233,"stop":1711295096305,"duration":72},"status":"passed","steps":[],"attachments":[],"parameters":[],"shouldDisplayMessage":false,"stepsCount":0,"attachmentsCount":0,"hasContent":false},{"name":"Click button show by 36","time":{"start":1711295096305,"stop":1711295096542,"duration":237},"status":"passed","steps":[],"attachments":[],"parameters":[],"shouldDisplayMessage":false,"stepsCount":0,"attachmentsCount":0,"hasContent":false},{"name":"Checking the number of products per page","time":{"start":1711295096542,"stop":1711295100841,"duration":4299},"status":"failed","statusMessage":"AssertionError: Error, items on the page: 20\n","statusTrace":"  File \"/opt/hostedtoolcache/Python/3.12.2/x64/lib/python3.12/site-packages/allure_commons/_allure.py\", line 192, in impl\n    return func(*a, **kw)\n           ^^^^^^^^^^^^^^\n  File \"/home/runner/work/training_store_ui/training_store_ui/pages/catalog_page.py\", line 156, in check_quantity_goods\n    assert len(self.list_price()) == quantity, f'Error, items on the page: {len(self.list_price())}'\n","steps":[{"name":"Generate list of prices","time":{"start":1711295096542,"stop":1711295098692,"duration":2150},"status":"passed","steps":[],"attachments":[],"parameters":[],"shouldDisplayMessage":false,"stepsCount":0,"attachmentsCount":0,"hasContent":false},{"name":"Generate list of prices","time":{"start":1711295098692,"stop":1711295100841,"duration":2149},"status":"passed","steps":[],"attachments":[],"parameters":[],"shouldDisplayMessage":false,"stepsCount":0,"attachmentsCount":0,"hasContent":false}],"attachments":[],"parameters":[{"name":"quantity","value":"36"}],"shouldDisplayMessage":true,"stepsCount":2,"attachmentsCount":0,"hasContent":true}],"attachments":[],"parameters":[],"shouldDisplayMessage":true,"stepsCount":7,"attachmentsCount":0,"hasContent":true},"afterStages":[{"name":"driver::0","time":{"start":1711295100853,"stop":1711295100915,"duration":62},"status":"passed","steps":[],"attachments":[],"parameters":[],"shouldDisplayMessage":false,"stepsCount":0,"attachmentsCount":0,"hasContent":false}],"labels":[{"name":"feature","value":"Product catalog"},{"name":"parentSuite","value":"tests"},{"name":"suite","value":"test_catalog"},{"name":"subSuite","value":"TestCatalogPrice"},{"name":"host","value":"fv-az1391-496"},{"name":"thread","value":"1802-MainThread"},{"name":"framework","value":"pytest"},{"name":"language","value":"cpython3"},{"name":"package","value":"tests.test_catalog"},{"name":"resultFormat","value":"allure2"}],"parameters":[],"links":[],"hidden":false,"retry":false,"extra":{"severity":"normal","retries":[],"categories":[{"name":"Product defects","matchedStatuses":[],"flaky":false}],"history":{"statistic":{"failed":2,"broken":0,"skipped":0,"passed":0,"unknown":0,"total":2},"items":[{"uid":"8761bdccef0eab91","status":"failed","statusDetails":"AssertionError: Error, items on the page: 20","time":{"start":1709910663520,"stop":1709910669275,"duration":5755}}]},"tags":[]},"source":"4364a0db472b5ba3.json","parameterValues":[]}