{"uid":"c8ff6acd0be9ec4","name":"Show 24 products per page","fullName":"tests.test_catalog.TestCatalogPrice#test_show24","historyId":"8565b08a2a350f680a569b5f0a9ff5ec","time":{"start":1711295088429,"stop":1711295094699,"duration":6270},"status":"failed","statusMessage":"AssertionError: Error, items on the page: 20","statusTrace":"self = <test_catalog.TestCatalogPrice object at 0x7f83aace9220>\n\n    @allure.title(\"Show 24 products per page\")\n    def test_show24(self):\n        self.catalog_page.open()\n        self.catalog_page.is_opened()\n        self.catalog_page.button_show_click()\n        self.catalog_page.button_show24_click()\n>       self.catalog_page.check_quantity_goods(24)\n\ntests/test_catalog.py:41: \n_ _ _ _ _ _ _ _ _ _ _ _ _ _ _ _ _ _ _ _ _ _ _ _ _ _ _ _ _ _ _ _ _ _ _ _ _ _ _ _ \n\nself = <pages.catalog_page.CatalogPage object at 0x7f83aac5e030>, quantity = 24\n\n    @allure.step(\"Checking the number of products per page\")\n    def check_quantity_goods(self, quantity):\n>       assert len(self.list_price()) == quantity, f'Error, items on the page: {len(self.list_price())}'\nE       AssertionError: Error, items on the page: 20\n\npages/catalog_page.py:156: AssertionError","flaky":false,"newFailed":false,"newBroken":false,"newPassed":false,"retriesCount":0,"retriesStatusChange":false,"beforeStages":[{"name":"driver","time":{"start":1711295086701,"stop":1711295088428,"duration":1727},"status":"passed","steps":[],"attachments":[],"parameters":[],"shouldDisplayMessage":false,"stepsCount":0,"attachmentsCount":0,"hasContent":false},{"name":"setup","time":{"start":1711295088428,"stop":1711295088428,"duration":0},"status":"passed","steps":[],"attachments":[],"parameters":[],"shouldDisplayMessage":false,"stepsCount":0,"attachmentsCount":0,"hasContent":false}],"testStage":{"status":"failed","statusMessage":"AssertionError: Error, items on the page: 20","statusTrace":"self = <test_catalog.TestCatalogPrice object at 0x7f83aace9220>\n\n    @allure.title(\"Show 24 products per page\")\n    def test_show24(self):\n        self.catalog_page.open()\n        self.catalog_page.is_opened()\n        self.catalog_page.button_show_click()\n        self.catalog_page.button_show24_click()\n>       self.catalog_page.check_quantity_goods(24)\n\ntests/test_catalog.py:41: \n_ _ _ _ _ _ _ _ _ _ _ _ _ _ _ _ _ _ _ _ _ _ _ _ _ _ _ _ _ _ _ _ _ _ _ _ _ _ _ _ \n\nself = <pages.catalog_page.CatalogPage object at 0x7f83aac5e030>, quantity = 24\n\n    @allure.step(\"Checking the number of products per page\")\n    def check_quantity_goods(self, quantity):\n>       assert len(self.list_price()) == quantity, f'Error, items on the page: {len(self.list_price())}'\nE       AssertionError: Error, items on the page: 20\n\npages/catalog_page.py:156: AssertionError","steps":[{"name":"Open URL","time":{"start":1711295088429,"stop":1711295090125,"duration":1696},"status":"passed","steps":[],"attachments":[],"parameters":[],"shouldDisplayMessage":false,"stepsCount":0,"attachmentsCount":0,"hasContent":false},{"name":"Check is opened URL","time":{"start":1711295090126,"stop":1711295090130,"duration":4},"status":"passed","steps":[],"attachments":[],"parameters":[],"shouldDisplayMessage":false,"stepsCount":0,"attachmentsCount":0,"hasContent":false},{"name":"Click the show button","time":{"start":1711295090130,"stop":1711295090293,"duration":163},"status":"passed","steps":[],"attachments":[],"parameters":[],"shouldDisplayMessage":false,"stepsCount":0,"attachmentsCount":0,"hasContent":false},{"name":"Click button show by 24","time":{"start":1711295090293,"stop":1711295090405,"duration":112},"status":"passed","steps":[],"attachments":[],"parameters":[],"shouldDisplayMessage":false,"stepsCount":0,"attachmentsCount":0,"hasContent":false},{"name":"Checking the number of products per page","time":{"start":1711295090405,"stop":1711295094698,"duration":4293},"status":"failed","statusMessage":"AssertionError: Error, items on the page: 20\n","statusTrace":"  File \"/opt/hostedtoolcache/Python/3.12.2/x64/lib/python3.12/site-packages/allure_commons/_allure.py\", line 192, in impl\n    return func(*a, **kw)\n           ^^^^^^^^^^^^^^\n  File \"/home/runner/work/training_store_ui/training_store_ui/pages/catalog_page.py\", line 156, in check_quantity_goods\n    assert len(self.list_price()) == quantity, f'Error, items on the page: {len(self.list_price())}'\n","steps":[{"name":"Generate list of prices","time":{"start":1711295090405,"stop":1711295092552,"duration":2147},"status":"passed","steps":[],"attachments":[],"parameters":[],"shouldDisplayMessage":false,"stepsCount":0,"attachmentsCount":0,"hasContent":false},{"name":"Generate list of prices","time":{"start":1711295092552,"stop":1711295094698,"duration":2146},"status":"passed","steps":[],"attachments":[],"parameters":[],"shouldDisplayMessage":false,"stepsCount":0,"attachmentsCount":0,"hasContent":false}],"attachments":[],"parameters":[{"name":"quantity","value":"24"}],"shouldDisplayMessage":true,"stepsCount":2,"attachmentsCount":0,"hasContent":true}],"attachments":[],"parameters":[],"shouldDisplayMessage":true,"stepsCount":7,"attachmentsCount":0,"hasContent":true},"afterStages":[{"name":"driver::0","time":{"start":1711295094740,"stop":1711295094802,"duration":62},"status":"passed","steps":[],"attachments":[],"parameters":[],"shouldDisplayMessage":false,"stepsCount":0,"attachmentsCount":0,"hasContent":false}],"labels":[{"name":"feature","value":"Product catalog"},{"name":"parentSuite","value":"tests"},{"name":"suite","value":"test_catalog"},{"name":"subSuite","value":"TestCatalogPrice"},{"name":"host","value":"fv-az1391-496"},{"name":"thread","value":"1802-MainThread"},{"name":"framework","value":"pytest"},{"name":"language","value":"cpython3"},{"name":"package","value":"tests.test_catalog"},{"name":"resultFormat","value":"allure2"}],"parameters":[],"links":[],"hidden":false,"retry":false,"extra":{"severity":"normal","retries":[],"categories":[{"name":"Product defects","matchedStatuses":[],"flaky":false}],"history":{"statistic":{"failed":2,"broken":0,"skipped":0,"passed":0,"unknown":0,"total":2},"items":[{"uid":"2920f78d9f483131","status":"failed","statusDetails":"AssertionError: Error, items on the page: 20","time":{"start":1709910657422,"stop":1709910663226,"duration":5804}}]},"tags":[]},"source":"c8ff6acd0be9ec4.json","parameterValues":[]}